
Showing logs for build [32manothersrewhocancode-go-demo-6-4plnp-3[0m stage [32mfrom-build-pack[0m and container [32mstep-credential-initializer-j4s5x[0m
{"level":"warn","ts":1578408618.9620347,"logger":"fallback-logger","caller":"logging/config.go:69","msg":"Fetch GitHub commit ID from kodata failed: \"ref: refs/heads/0.8.0-**-support-backwards-incompats\" is not a valid GitHub commit ID"}
{"level":"info","ts":1578408618.965141,"logger":"fallback-logger","caller":"creds-init/main.go:40","msg":"Credentials initialized."}

Showing logs for build [32manothersrewhocancode-go-demo-6-4plnp-3[0m stage [32mfrom-build-pack[0m and container [32mstep-working-dir-initializer-25m79[0m
{"level":"warn","ts":1578408619.3714788,"logger":"fallback-logger","caller":"logging/config.go:69","msg":"Fetch GitHub commit ID from kodata failed: open /var/run/ko/HEAD: no such file or directory"}
{"level":"info","ts":1578408619.3725343,"logger":"fallback-logger","caller":"bash/main.go:64","msg":"Successfully executed command \"sh -c mkdir -p /workspace/source\"; output "}

Showing logs for build [32manothersrewhocancode-go-demo-6-4plnp-3[0m stage [32mfrom-build-pack[0m and container [32mstep-place-tools[0m

Showing logs for build [32manothersrewhocancode-go-demo-6-4plnp-3[0m stage [32mfrom-build-pack[0m and container [32mstep-git-source-anothersrewhocancode-go-demo-6-t2hvp[0m
{"level":"warn","ts":1578408625.402368,"logger":"fallback-logger","caller":"logging/config.go:69","msg":"Fetch GitHub commit ID from kodata failed: \"ref: refs/heads/0.8.0-**-support-backwards-incompats\" is not a valid GitHub commit ID"}
{"level":"info","ts":1578408625.7322035,"logger":"fallback-logger","caller":"git/git.go:103","msg":"Successfully cloned https://github.com/********************/go-demo-6.git @ v1.0.464 in path /workspace/source"}

Showing logs for build [32manothersrewhocancode-go-demo-6-4plnp-3[0m stage [32mfrom-build-pack[0m and container [32mstep-git-merge[0m
Using SHAs from PULL_REFS=master:8dc92fc12a190f31b1b029984aa6d5a5f9da6b7f
WARNING: no SHAs to merge, falling back to initial cloned commit

Showing logs for build [32manothersrewhocancode-go-demo-6-4plnp-3[0m stage [32mfrom-build-pack[0m and container [32mstep-setup-jx-git-credentials[0m
Generated Git credentials file /workspace/xdg_config/git/credentials

Showing logs for build [32manothersrewhocancode-go-demo-6-4plnp-3[0m stage [32mfrom-build-pack[0m and container [32mstep-build-make-build[0m
go: finding github.com/prometheus/client_model v0.0.0-20180712105110-5c3871d89910
go: finding github.com/stretchr/testify v1.2.2
go: finding github.com/golang/protobuf v1.2.0
go: finding github.com/beorn7/perks v0.0.0-20180321164747-3a771d992973
go: finding github.com/prometheus/client_golang v0.9.2
go: finding github.com/davecgh/go-spew v1.1.1
go: finding github.com/pmezard/go-difflib v1.0.0
go: finding github.com/prometheus/common v0.0.0-20181126121408-4724e9255275
go: finding github.com/matttproud/golang_protobuf_extensions v1.0.1
go: finding gopkg.in/mgo.v2 v2.0.0-20180705113604-9856a29383ce
go: finding github.com/stretchr/ob** v0.1.1
go: finding github.com/prometheus/procfs v0.0.0-20181204211112-1dc9a6cbc91a
go: finding golang.org/x/sync v0.0.0-20181108010431-42b317875d0f
go: finding golang.org/x/net v0.0.0-20181201002055-351d144fa1fc
go: downloading github.com/prometheus/client_golang v0.9.2
go: downloading gopkg.in/mgo.v2 v2.0.0-20180705113604-9856a29383ce
go: extracting github.com/prometheus/client_golang v0.9.2
go: downloading github.com/prometheus/common v0.0.0-20181126121408-4724e9255275
go: downloading github.com/prometheus/procfs v0.0.0-20181204211112-1dc9a6cbc91a
go: downloading github.com/beorn7/perks v0.0.0-20180321164747-3a771d992973
go: downloading github.com/prometheus/client_model v0.0.0-20180712105110-5c3871d89910
go: downloading github.com/golang/protobuf v1.2.0
go: extracting gopkg.in/mgo.v2 v2.0.0-20180705113604-9856a29383ce
go: extracting github.com/beorn7/perks v0.0.0-20180321164747-3a771d992973
go: extracting github.com/prometheus/procfs v0.0.0-20181204211112-1dc9a6cbc91a
go: extracting github.com/prometheus/common v0.0.0-20181126121408-4724e9255275
go: downloading github.com/matttproud/golang_protobuf_extensions v1.0.1
go: extracting github.com/prometheus/client_model v0.0.0-20180712105110-5c3871d89910
go: extracting github.com/matttproud/golang_protobuf_extensions v1.0.1
go: extracting github.com/golang/protobuf v1.2.0
CGO_ENABLED=0 GO15VENDOREXPERIMENT=1 go build -ldflags '' -o bin/go-demo-6 main.go

Showing logs for build [32manothersrewhocancode-go-demo-6-4plnp-3[0m stage [32mfrom-build-pack[0m and container [32mstep-build-container-build[0m
[36mINFO[0m[0000] No base image, nothing to extract            
[36mINFO[0m[0000] cmd: EXPOSE                                  
[36mINFO[0m[0000] Adding exposed port: 8080/tcp                
[36mINFO[0m[0000] Using files from context: [/workspace/source/bin] 
[36mINFO[0m[0000] Skipping unpacking as no commands require it. 
[36mINFO[0m[0000] Taking snapshot of full filesystem...        
[36mINFO[0m[0000] EXPOSE 8080                                  
[36mINFO[0m[0000] cmd: EXPOSE                                  
[36mINFO[0m[0000] Adding exposed port: 8080/tcp                
[36mINFO[0m[0000] No files changed in this command, skipping snapshotting. 
[36mINFO[0m[0000] ENTRYPOINT ["/go-demo-6"]                    
[36mINFO[0m[0000] No files changed in this command, skipping snapshotting. 
[36mINFO[0m[0000] Using files from context: [/workspace/source/bin] 
[36mINFO[0m[0000] COPY ./bin/ /                                
[36mINFO[0m[0000] Taking snapshot of files...                  
2020/01/07 14:50:51 pushed blob: sha256:f2846f50c132f63d4d22143ada111141b63642548148ebd29edc3398736a9389
2020/01/07 14:50:53 pushed blob: sha256:bce63257d7db2e7c65b5d6e1c75934bbca9d8486a7985f6ffb389dde43e09ef5
2020/01/07 14:50:53 066920024224.dkr.ecr.us-east-2.amazonaws.com/********************/go-demo-6:1.0.464: digest: sha256:218d23d1f8bd84fb244f02fdaeee2512d3adfa64366107fb21a802a75288308c size: 428

Showing logs for build [32manothersrewhocancode-go-demo-6-4plnp-3[0m stage [32mfrom-build-pack[0m and container [32mstep-build-post-build[0m
no CVE provider running in the current ** namespace so skip adding image to be analysed

Showing logs for build [32manothersrewhocancode-go-demo-6-4plnp-3[0m stage [32mfrom-build-pack[0m and container [32mstep-promote-changelog[0m
Converted /workspace/source/charts/go-demo-6 to an unshallow repository
Generating change log from git ref a5b44642d644160ae854cb9c2d81c480cb6caeda => faf31c01a6020d25933b93f9b8138648087bf93a
Associating user x-0 in users.jenkins.io with email vigneshwarv@gmail.com to git GitProvider user with login -0 as emails match
Adding label jenkins.io/git-github-userid=-0 to user x-0 in users.jenkins.io
WARNING: Failed to enrich commit 8dc92fc12a190f31b1b029984aa6d5a5f9da6b7f with issues: User.jenkins.io "x-0" is invalid: metadata.labels: Invalid value: "-0": a valid label must be an empty string or consist of alphanumeric characters, '-', '_' or '.', and must start and end with an alphanumeric character (e.g. 'MyValue',  or 'my_value',  or '12345', regex used for validation is '(([A-Za-z0-9][-A-Za-z0-9_.]*)?[A-Za-z0-9])?')
Associating user x-0 in users.jenkins.io with email vigneshwarv@gmail.com to git GitProvider user with login -0 as emails match
Adding label jenkins.io/git-github-userid=-0 to user x-0 in users.jenkins.io
WARNING: Failed to enrich commit 8dc92fc12a190f31b1b029984aa6d5a5f9da6b7f with issues: User.jenkins.io "x-0" is invalid: metadata.labels: Invalid value: "-0": a valid label must be an empty string or consist of alphanumeric characters, '-', '_' or '.', and must start and end with an alphanumeric character (e.g. 'MyValue',  or 'my_value',  or '12345', regex used for validation is '(([A-Za-z0-9][-A-Za-z0-9_.]*)?[A-Za-z0-9])?')
Finding issues in commit messages using git format
WARNING: No release found for ********************/go-demo-6 and tag v1.0.464 so creating a new release
Updated the release information at https://github.com/********************/go-demo-6/releases/tag/v1.0.464
generated: /workspace/source/charts/go-demo-6/templates/release.yaml
Created Release go-demo-6-1-0-464 resource in namespace **
Updating PipelineActivity ********************-go-demo-6-master-3 with version 1.0.464
Updated PipelineActivities ********************-go-demo-6-master-3 with release notes URL: https://github.com/********************/go-demo-6/releases/tag/v1.0.464

Showing logs for build [32manothersrewhocancode-go-demo-6-4plnp-3[0m stage [32mfrom-build-pack[0m and container [32mstep-promote-helm-release[0m
WARNING: No $CHART_REPOSITORY defined so using the default value of: http://jenkins-x-chartmuseum:8080
Adding missing Helm repo: storage.googleapis.com https://storage.googleapis.com/chartmuseum.jenkins-x.io
Successfully added Helm repository storage.googleapis.com.
Adding missing Helm repo: jenkins-x-chartmuseum http://jenkins-x-chartmuseum:8080
Successfully added Helm repository jenkins-x-chartmuseum.
WARNING: No $CHART_REPOSITORY defined so using the default value of: http://jenkins-x-chartmuseum:8080
WARNING: No $CHART_REPOSITORY defined so using the default value of: http://jenkins-x-chartmuseum:8080
Uploading chart file go-demo-6-1.0.464.tgz to http://jenkins-x-chartmuseum:8080/api/charts
Received 201 response: {"saved":true}

Showing logs for build [32manothersrewhocancode-go-demo-6-4plnp-3[0m stage [32mfrom-build-pack[0m and container [32mstep-promote-jx-promote[0m
WARNING: prow based install so skip waiting for the merge of Pull Requests to go green as currently there is an issue with gettingstatuses from the PR, see https://github.com/jenkins-x/**/issues/2410
WARNING: No $CHART_REPOSITORY defined so using the default value of: http://jenkins-x-chartmuseum:8080
Promoting app go-demo-6 version 1.0.464 to namespace **-staging
Created Pull Request: https://github.com/********************/environment-**-eks-staging/pull/3
Added label updatebot to Pull Request https://github.com/********************/environment-**-eks-staging/pull/3
got git provider status pending from PR https://github.com/********************/environment-**-eks-staging/pull/3
got git provider status pending from PR https://github.com/********************/environment-**-eks-staging/pull/3
got git provider status pending from PR https://github.com/********************/environment-**-eks-staging/pull/3
Pull Request https://github.com/********************/environment-**-eks-staging/pull/3 is merged at sha 462727495e0a0ce74defb1eddb8f68f014fbaec1
Pull Request merged but we are not waiting for the update pipeline to complete!
