
Showing logs for build [32manothersrewhocancode-go-demo-6-rmmwv-6[0m stage [32mfrom-build-pack[0m and container [32mstep-credential-initializer-k9dnn[0m
{"level":"warn","ts":1578919425.1985087,"logger":"fallback-logger","caller":"logging/config.go:69","msg":"Fetch GitHub commit ID from kodata failed: \"ref: refs/heads/0.8.0-**-support-backwards-incompats\" is not a valid GitHub commit ID"}
{"level":"info","ts":1578919425.1993465,"logger":"fallback-logger","caller":"creds-init/main.go:40","msg":"Credentials initialized."}

Showing logs for build [32manothersrewhocancode-go-demo-6-rmmwv-6[0m stage [32mfrom-build-pack[0m and container [32mstep-working-dir-initializer-62kvt[0m
{"level":"warn","ts":1578919428.4460588,"logger":"fallback-logger","caller":"logging/config.go:69","msg":"Fetch GitHub commit ID from kodata failed: open /var/run/ko/HEAD: no such file or directory"}
{"level":"info","ts":1578919428.4495242,"logger":"fallback-logger","caller":"bash/main.go:64","msg":"Successfully executed command \"sh -c mkdir -p /workspace/source\"; output "}

Showing logs for build [32manothersrewhocancode-go-demo-6-rmmwv-6[0m stage [32mfrom-build-pack[0m and container [32mstep-place-tools[0m

Showing logs for build [32manothersrewhocancode-go-demo-6-rmmwv-6[0m stage [32mfrom-build-pack[0m and container [32mstep-git-source-anothersrewhocancode-go-demo-6-cbhmm[0m
{"level":"warn","ts":1578919516.8229432,"logger":"fallback-logger","caller":"logging/config.go:69","msg":"Fetch GitHub commit ID from kodata failed: \"ref: refs/heads/0.8.0-**-support-backwards-incompats\" is not a valid GitHub commit ID"}
{"level":"info","ts":1578919517.4045444,"logger":"fallback-logger","caller":"git/git.go:103","msg":"Successfully cloned https://github.com/********************/go-demo-6.git @ v1.0.467 in path /workspace/source"}

Showing logs for build [32manothersrewhocancode-go-demo-6-rmmwv-6[0m stage [32mfrom-build-pack[0m and container [32mstep-git-merge[0m
Using SHAs from PULL_REFS=master:89c2ddafd1b17a7e919c887d2d40608ee00dc1d8
WARNING: no SHAs to merge, falling back to initial cloned commit

Showing logs for build [32manothersrewhocancode-go-demo-6-rmmwv-6[0m stage [32mfrom-build-pack[0m and container [32mstep-setup-jx-git-credentials[0m
Generated Git credentials file /workspace/xdg_config/git/credentials

Showing logs for build [32manothersrewhocancode-go-demo-6-rmmwv-6[0m stage [32mfrom-build-pack[0m and container [32mstep-build-make-build[0m
go: finding github.com/stretchr/ob** v0.1.1
go: finding github.com/pmezard/go-difflib v1.0.0
go: finding github.com/beorn7/perks v0.0.0-20180321164747-3a771d992973
go: finding github.com/prometheus/client_model v0.0.0-20180712105110-5c3871d89910
go: finding github.com/stretchr/testify v1.2.2
go: finding github.com/prometheus/client_golang v0.9.2
go: finding github.com/matttproud/golang_protobuf_extensions v1.0.1
go: finding github.com/golang/protobuf v1.2.0
go: finding github.com/prometheus/procfs v0.0.0-20181204211112-1dc9a6cbc91a
go: finding gopkg.in/mgo.v2 v2.0.0-20180705113604-9856a29383ce
go: finding github.com/prometheus/common v0.0.0-20181126121408-4724e9255275
go: finding golang.org/x/sync v0.0.0-20181108010431-42b317875d0f
go: finding golang.org/x/net v0.0.0-20181201002055-351d144fa1fc
go: finding github.com/davecgh/go-spew v1.1.1
go: downloading github.com/prometheus/client_golang v0.9.2
go: downloading gopkg.in/mgo.v2 v2.0.0-20180705113604-9856a29383ce
go: extracting github.com/prometheus/client_golang v0.9.2
go: downloading github.com/prometheus/common v0.0.0-20181126121408-4724e9255275
go: downloading github.com/beorn7/perks v0.0.0-20180321164747-3a771d992973
go: downloading github.com/prometheus/procfs v0.0.0-20181204211112-1dc9a6cbc91a
go: downloading github.com/prometheus/client_model v0.0.0-20180712105110-5c3871d89910
go: downloading github.com/golang/protobuf v1.2.0
go: extracting github.com/beorn7/perks v0.0.0-20180321164747-3a771d992973
go: extracting gopkg.in/mgo.v2 v2.0.0-20180705113604-9856a29383ce
go: extracting github.com/prometheus/client_model v0.0.0-20180712105110-5c3871d89910
go: extracting github.com/prometheus/procfs v0.0.0-20181204211112-1dc9a6cbc91a
go: extracting github.com/prometheus/common v0.0.0-20181126121408-4724e9255275
go: downloading github.com/matttproud/golang_protobuf_extensions v1.0.1
go: extracting github.com/matttproud/golang_protobuf_extensions v1.0.1
go: extracting github.com/golang/protobuf v1.2.0
CGO_ENABLED=0 GO15VENDOREXPERIMENT=1 go build -ldflags '' -o bin/go-demo-6 main.go

Showing logs for build [32manothersrewhocancode-go-demo-6-rmmwv-6[0m stage [32mfrom-build-pack[0m and container [32mstep-build-container-build[0m
[36mINFO[0m[0000] No base image, nothing to extract            
[36mINFO[0m[0000] cmd: EXPOSE                                  
[36mINFO[0m[0000] Adding exposed port: 8080/tcp                
[36mINFO[0m[0000] Using files from context: [/workspace/source/bin] 
[36mINFO[0m[0000] Skipping unpacking as no commands require it. 
[36mINFO[0m[0000] Taking snapshot of full filesystem...        
[36mINFO[0m[0000] EXPOSE 8080                                  
[36mINFO[0m[0000] cmd: EXPOSE                                  
[36mINFO[0m[0000] Adding exposed port: 8080/tcp                
[36mINFO[0m[0000] No files changed in this command, skipping snapshotting. 
[36mINFO[0m[0000] ENTRYPOINT ["/go-demo-6"]                    
[36mINFO[0m[0000] No files changed in this command, skipping snapshotting. 
[36mINFO[0m[0000] Using files from context: [/workspace/source/bin] 
[36mINFO[0m[0000] COPY ./bin/ /                                
[36mINFO[0m[0000] Taking snapshot of files...                  
2020/01/13 12:45:43 pushed blob: sha256:ca65fcab72b06db7b20cb55800fdf191b5aa2280f13b9b4eddda3d20fa2313fa
2020/01/13 12:45:43 pushed blob: sha256:c4f8549af677208d33bdc7010a62fc1d0b1907be8ef63f78b20baed8b2fc18a0
2020/01/13 12:45:43 066920024224.dkr.ecr.us-east-2.amazonaws.com/********************/go-demo-6:1.0.467: digest: sha256:b95fec1c5e7f7106d95f758522115ca668d1854035176c302361678558792cc4 size: 428

Showing logs for build [32manothersrewhocancode-go-demo-6-rmmwv-6[0m stage [32mfrom-build-pack[0m and container [32mstep-build-post-build[0m
no CVE provider running in the current ** namespace so skip adding image to be analysed

Showing logs for build [32manothersrewhocancode-go-demo-6-rmmwv-6[0m stage [32mfrom-build-pack[0m and container [32mstep-promote-changelog[0m
Converted /workspace/source/charts/go-demo-6 to an unshallow repository
Generating change log from git ref 89dc6ff7681eaf1a89b11ddc125d731019533b7d => 2e080a6a3445a0d73b4d0980b61bf905a7eb3b47
WARNING: Failed to enrich commit 89c2ddafd1b17a7e919c887d2d40608ee00dc1d8 with issues: users.jenkins.io "x-0" already exists
WARNING: Failed to enrich commit 89c2ddafd1b17a7e919c887d2d40608ee00dc1d8 with issues: users.jenkins.io "x-0" already exists
Finding issues in commit messages using git format
WARNING: No release found for ********************/go-demo-6 and tag v1.0.467 so creating a new release
Updated the release information at https://github.com/********************/go-demo-6/releases/tag/v1.0.467
generated: /workspace/source/charts/go-demo-6/templates/release.yaml
Created Release go-demo-6-1-0-467 resource in namespace **
Updating PipelineActivity ********************-go-demo-6-master-6 with version 1.0.467
Updated PipelineActivities ********************-go-demo-6-master-6 with release notes URL: https://github.com/********************/go-demo-6/releases/tag/v1.0.467

Showing logs for build [32manothersrewhocancode-go-demo-6-rmmwv-6[0m stage [32mfrom-build-pack[0m and container [32mstep-promote-helm-release[0m
WARNING: No $CHART_REPOSITORY defined so using the default value of: http://jenkins-x-chartmuseum:8080
Adding missing Helm repo: storage.googleapis.com https://storage.googleapis.com/chartmuseum.jenkins-x.io
Successfully added Helm repository storage.googleapis.com.
Adding missing Helm repo: jenkins-x-chartmuseum http://jenkins-x-chartmuseum:8080
Successfully added Helm repository jenkins-x-chartmuseum.
WARNING: No $CHART_REPOSITORY defined so using the default value of: http://jenkins-x-chartmuseum:8080
WARNING: No $CHART_REPOSITORY defined so using the default value of: http://jenkins-x-chartmuseum:8080
Uploading chart file go-demo-6-1.0.467.tgz to http://jenkins-x-chartmuseum:8080/api/charts
Received 201 response: {"saved":true}

Showing logs for build [32manothersrewhocancode-go-demo-6-rmmwv-6[0m stage [32mfrom-build-pack[0m and container [32mstep-promote-jx-promote[0m
WARNING: prow based install so skip waiting for the merge of Pull Requests to go green as currently there is an issue with gettingstatuses from the PR, see https://github.com/jenkins-x/**/issues/2410
WARNING: No $CHART_REPOSITORY defined so using the default value of: http://jenkins-x-chartmuseum:8080
Promoting app go-demo-6 version 1.0.467 to namespace **-staging
Created Pull Request: https://github.com/********************/environment-**-eks-staging/pull/9
Added label updatebot to Pull Request https://github.com/********************/environment-**-eks-staging/pull/9
got git provider status pending from PR https://github.com/********************/environment-**-eks-staging/pull/9
got git provider status pending from PR https://github.com/********************/environment-**-eks-staging/pull/9
got git provider status pending from PR https://github.com/********************/environment-**-eks-staging/pull/9
got git provider status pending from PR https://github.com/********************/environment-**-eks-staging/pull/9
Pull Request https://github.com/********************/environment-**-eks-staging/pull/9 is merged at sha 35b72cc1be0c0b30075793a4e547cee06e67cc7c
Pull Request merged but we are not waiting for the update pipeline to complete!
